  PaintingTool.c
F:\ProjectsOnD\Visual\CC++Win32\PaintingTool\PaintingTool.c(48,2): warning C4091: 'typedef ': ignored on left of 'Menus' when no variable is declared
F:\ProjectsOnD\Visual\CC++Win32\PaintingTool\PaintingTool.c(168,15): warning C4244: 'function': conversion from 'time_t' to 'unsigned int', possible loss of data
F:\ProjectsOnD\Visual\CC++Win32\PaintingTool\PaintingTool.c(513,76): warning C4020: 'ShowColourDialog': too many actual parameters
F:\ProjectsOnD\Visual\CC++Win32\PaintingTool\PaintingTool.c(527,72): warning C4020: 'ShowColourDialog': too many actual parameters
F:\ProjectsOnD\Visual\CC++Win32\PaintingTool\PaintingTool.c(575,85): warning C4047: 'function': 'LONG' differs in levels of indirection from 'HBRUSH'
F:\ProjectsOnD\Visual\CC++Win32\PaintingTool\PaintingTool.c(575,85): warning C4024: 'SetClassLongW': different types for formal and actual parameter 3
F:\ProjectsOnD\Visual\CC++Win32\PaintingTool\PaintingTool.c(586,85): warning C4047: 'function': 'LONG' differs in levels of indirection from 'HBRUSH'
F:\ProjectsOnD\Visual\CC++Win32\PaintingTool\PaintingTool.c(586,85): warning C4024: 'SetClassLongW': different types for formal and actual parameter 3
F:\ProjectsOnD\Visual\CC++Win32\PaintingTool\PaintingTool.c(715,24): warning C4020: 'WindowPaint': too many actual parameters
F:\ProjectsOnD\Visual\CC++Win32\PaintingTool\PaintingTool.c(384,1): warning C4244: 'initializing': conversion from 'LONG' to 'short', possible loss of data
F:\ProjectsOnD\Visual\CC++Win32\PaintingTool\PaintingTool.c(385,1): warning C4244: 'initializing': conversion from 'LONG' to 'short', possible loss of data
F:\ProjectsOnD\Visual\CC++Win32\PaintingTool\PaintingTool.c(757,1): warning C4029: declared formal parameter list different from definition
F:\ProjectsOnD\Visual\CC++Win32\PaintingTool\PaintingTool.c(873,82): warning C4244: 'function': conversion from 'double' to 'int', possible loss of data
F:\ProjectsOnD\Visual\CC++Win32\PaintingTool\PaintingTool.c(873,150): warning C4244: 'function': conversion from 'double' to 'int', possible loss of data
F:\ProjectsOnD\Visual\CC++Win32\PaintingTool\PaintingTool.c(874,85): warning C4244: 'function': conversion from 'double' to 'int', possible loss of data
F:\ProjectsOnD\Visual\CC++Win32\PaintingTool\PaintingTool.c(874,153): warning C4244: 'function': conversion from 'double' to 'int', possible loss of data
F:\ProjectsOnD\Visual\CC++Win32\PaintingTool\PaintingTool.c(879,82): warning C4244: 'function': conversion from 'double' to 'int', possible loss of data
F:\ProjectsOnD\Visual\CC++Win32\PaintingTool\PaintingTool.c(879,150): warning C4244: 'function': conversion from 'double' to 'int', possible loss of data
F:\ProjectsOnD\Visual\CC++Win32\PaintingTool\PaintingTool.c(880,85): warning C4244: 'function': conversion from 'double' to 'int', possible loss of data
F:\ProjectsOnD\Visual\CC++Win32\PaintingTool\PaintingTool.c(880,153): warning C4244: 'function': conversion from 'double' to 'int', possible loss of data
F:\ProjectsOnD\Visual\CC++Win32\PaintingTool\PaintingTool.c(867,1): warning C4244: 'initializing': conversion from 'double' to 'int', possible loss of data
F:\ProjectsOnD\Visual\CC++Win32\PaintingTool\PaintingTool.c(868,1): warning C4244: 'initializing': conversion from 'double' to 'int', possible loss of data
F:\ProjectsOnD\Visual\CC++Win32\PaintingTool\PaintingTool.c(956,1): warning C4029: declared formal parameter list different from definition
  Generating code
  Previous IPDB was built with incompatible compiler, fall back to full compilation.
  All 10 functions were compiled because no usable IPDB/IOBJ from previous compilation was found.
  Finished generating code
  PaintingTool.vcxproj -> F:\ProjectsOnD\Visual\CC++Win32\Release\PaintingTool.exe
